<?xml version="1.0" encoding="UTF-8"?>
<!-- Generated by org.testng.reporters.JUnitXMLReporter -->
<testsuite ignored="0" hostname="LAPTOP-0GGKSUV3" failures="1" tests="1" name="ChromeBrowserTest" time="31.924" errors="0" timestamp="2023-07-30T20:29:58 IST">
  <testcase classname="testCases.TC_01_RegistrationAccountTest" name="account_registration" time="10.308">
    <failure type="java.lang.AssertionError" message="null">
      <![CDATA[java.lang.AssertionError: null
at testCases.TC_01_RegistrationAccountTest.account_registration(TC_01_RegistrationAccountTest.java:46)
at java.base/java.util.ArrayList.forEach(ArrayList.java:1511)
at java.base/java.util.concurrent.FutureTask.run(FutureTask.java:264)
at java.base/java.util.concurrent.ThreadPoolExecutor.runWorker(ThreadPoolExecutor.java:1136)
at java.base/java.util.concurrent.ThreadPoolExecutor$Worker.run(ThreadPoolExecutor.java:635)
at java.base/java.lang.Thread.run(Thread.java:833)
... Removed 20 stack frames]]>
    </failure>
  </testcase> <!-- account_registration -->
</testsuite> <!-- ChromeBrowserTest -->
